<?xml version="1.0" encoding="UTF-8"?>
<testsuite xmlns:xsi="http://www.w3.org/2001/XMLSchema-instance" xsi:noNamespaceSchemaLocation="https://maven.apache.org/surefire/maven-failsafe-plugin/xsd/failsafe-test-report-3.0.xsd" version="3.0" name="psansa.api.AuthAndPostApiIT" time="108.955" tests="1" errors="0" skipped="0" failures="0">
  <properties>
    <property name="java.specification.version" value="21"/>
    <property name="sun.cpu.isalist" value="amd64"/>
    <property name="test.url" value="http://localhost:8080"/>
    <property name="sun.jnu.encoding" value="MS932"/>
    <property name="io.quarkus.security.http.test-if-basic-auth-implicitly-required" value="true"/>
    <property name="java.class.path" value="D:\WORKPLACE\M1SH\DEV\GitHub\ProjectSansa\backend-java\target\test-classes;D:\WORKPLACE\M1SH\DEV\GitHub\ProjectSansa\backend-java\target\backend-java-0.1.0.jar;C:\Users\masay\.m2\repository\io\quarkus\quarkus-rest-jackson\3.13.1\quarkus-rest-jackson-3.13.1.jar;C:\Users\masay\.m2\repository\io\quarkus\quarkus-rest\3.13.1\quarkus-rest-3.13.1.jar;C:\Users\masay\.m2\repository\io\quarkus\quarkus-rest-common\3.13.1\quarkus-rest-common-3.13.1.jar;C:\Users\masay\.m2\repository\io\quarkus\resteasy\reactive\resteasy-reactive-common\3.13.1\resteasy-reactive-common-3.13.1.jar;C:\Users\masay\.m2\repository\io\quarkus\resteasy\reactive\resteasy-reactive-common-types\3.13.1\resteasy-reactive-common-types-3.13.1.jar;C:\Users\masay\.m2\repository\io\smallrye\reactive\mutiny-zero-flow-adapters\1.1.0\mutiny-zero-flow-adapters-1.1.0.jar;C:\Users\masay\.m2\repository\io\quarkus\quarkus-mutiny\3.13.1\quarkus-mutiny-3.13.1.jar;C:\Users\masay\.m2\repository\io\quarkus\quarkus-smallrye-context-propagation\3.13.1\quarkus-smallrye-context-propagation-3.13.1.jar;C:\Users\masay\.m2\repository\io\smallrye\smallrye-context-propagation\2.1.2\smallrye-context-propagation-2.1.2.jar;C:\Users\masay\.m2\repository\io\smallrye\smallrye-context-propagation-api\2.1.2\smallrye-context-propagation-api-2.1.2.jar;C:\Users\masay\.m2\repository\io\smallrye\smallrye-context-propagation-storage\2.1.2\smallrye-context-propagation-storage-2.1.2.jar;C:\Users\masay\.m2\repository\io\smallrye\reactive\mutiny-smallrye-context-propagation\2.6.2\mutiny-smallrye-context-propagation-2.6.2.jar;C:\Users\masay\.m2\repository\io\quarkus\quarkus-vertx\3.13.1\quarkus-vertx-3.13.1.jar;C:\Users\masay\.m2\repository\io\quarkus\quarkus-netty\3.13.1\quarkus-netty-3.13.1.jar;C:\Users\masay\.m2\repository\com\aayushatharva\brotli4j\brotli4j\1.16.0\brotli4j-1.16.0.jar;C:\Users\masay\.m2\repository\com\aayushatharva\brotli4j\service\1.16.0\service-1.16.0.jar;C:\Users\masay\.m2\repository\com\aayushatharva\brotli4j\native-windows-x86_64\1.16.0\native-windows-x86_64-1.16.0.jar;C:\Users\masay\.m2\repository\io\netty\netty-codec-haproxy\4.1.111.Final\netty-codec-haproxy-4.1.111.Final.jar;C:\Users\masay\.m2\repository\io\quarkus\quarkus-vertx-latebound-mdc-provider\3.13.1\quarkus-vertx-latebound-mdc-provider-3.13.1.jar;C:\Users\masay\.m2\repository\io\smallrye\smallrye-fault-tolerance-vertx\6.3.0\smallrye-fault-tolerance-vertx-6.3.0.jar;C:\Users\masay\.m2\repository\io\quarkus\resteasy\reactive\resteasy-reactive-vertx\3.13.1\resteasy-reactive-vertx-3.13.1.jar;C:\Users\masay\.m2\repository\io\vertx\vertx-web\4.5.9\vertx-web-4.5.9.jar;C:\Users\masay\.m2\repository\io\vertx\vertx-web-common\4.5.9\vertx-web-common-4.5.9.jar;C:\Users\masay\.m2\repository\io\vertx\vertx-auth-common\4.5.9\vertx-auth-common-4.5.9.jar;C:\Users\masay\.m2\repository\io\vertx\vertx-bridge-common\4.5.9\vertx-bridge-common-4.5.9.jar;C:\Users\masay\.m2\repository\io\smallrye\reactive\smallrye-mutiny-vertx-core\3.14.0\smallrye-mutiny-vertx-core-3.14.0.jar;C:\Users\masay\.m2\repository\io\smallrye\reactive\smallrye-mutiny-vertx-runtime\3.14.0\smallrye-mutiny-vertx-runtime-3.14.0.jar;C:\Users\masay\.m2\repository\io\smallrye\reactive\vertx-mutiny-generator\3.14.0\vertx-mutiny-generator-3.14.0.jar;C:\Users\masay\.m2\repository\io\vertx\vertx-codegen\4.5.9\vertx-codegen-4.5.9.jar;C:\Users\masay\.m2\repository\io\quarkus\resteasy\reactive\resteasy-reactive\3.13.1\resteasy-reactive-3.13.1.jar;C:\Users\masay\.m2\repository\io\quarkus\vertx\utils\quarkus-vertx-utils\3.13.1\quarkus-vertx-utils-3.13.1.jar;C:\Users\masay\.m2\repository\jakarta\ws\rs\jakarta.ws.rs-api\3.1.0\jakarta.ws.rs-api-3.1.0.jar;C:\Users\masay\.m2\repository\jakarta\xml\bind\jakarta.xml.bind-api\4.0.2\jakarta.xml.bind-api-4.0.2.jar;C:\Users\masay\.m2\repository\jakarta\activation\jakarta.activation-api\2.1.3\jakarta.activation-api-2.1.3.jar;C:\Users\masay\.m2\repository\io\quarkus\quarkus-vertx-http\3.13.1\quarkus-vertx-http-3.13.1.jar;C:\Users\masay\.m2\repository\io\quarkus\quarkus-security-runtime-spi\3.13.1\quarkus-security-runtime-spi-3.13.1.jar;C:\Users\masay\.m2\repository\io\quarkus\quarkus-tls-registry\3.13.1\quarkus-tls-registry-3.13.1.jar;C:\Users\masay\.m2\repository\io\quarkus\quarkus-credentials\3.13.1\quarkus-credentials-3.13.1.jar;C:\Users\masay\.m2\repository\io\smallrye\common\smallrye-common-vertx-context\2.5.0\smallrye-common-vertx-context-2.5.0.jar;C:\Users\masay\.m2\repository\io\quarkus\security\quarkus-security\2.1.0\quarkus-security-2.1.0.jar;C:\Users\masay\.m2\repository\io\smallrye\reactive\smallrye-mutiny-vertx-web\3.14.0\smallrye-mutiny-vertx-web-3.14.0.jar;C:\Users\masay\.m2\repository\io\smallrye\reactive\smallrye-mutiny-vertx-web-common\3.14.0\smallrye-mutiny-vertx-web-common-3.14.0.jar;C:\Users\masay\.m2\repository\io\smallrye\reactive\smallrye-mutiny-vertx-auth-common\3.14.0\smallrye-mutiny-vertx-auth-common-3.14.0.jar;C:\Users\masay\.m2\repository\io\smallrye\reactive\smallrye-mutiny-vertx-bridge-common\3.14.0\smallrye-mutiny-vertx-bridge-common-3.14.0.jar;C:\Users\masay\.m2\repository\io\smallrye\reactive\smallrye-mutiny-vertx-uri-template\3.14.0\smallrye-mutiny-vertx-uri-template-3.14.0.jar;C:\Users\masay\.m2\repository\io\vertx\vertx-uri-template\4.5.9\vertx-uri-template-4.5.9.jar;C:\Users\masay\.m2\repository\io\github\crac\org-crac\0.1.3\org-crac-0.1.3.jar;C:\Users\masay\.m2\repository\io\quarkus\quarkus-jsonp\3.13.1\quarkus-jsonp-3.13.1.jar;C:\Users\masay\.m2\repository\org\eclipse\parsson\parsson\1.1.7\parsson-1.1.7.jar;C:\Users\masay\.m2\repository\io\quarkus\quarkus-virtual-threads\3.13.1\quarkus-virtual-threads-3.13.1.jar;C:\Users\masay\.m2\repository\io\vertx\vertx-core\4.5.9\vertx-core-4.5.9.jar;C:\Users\masay\.m2\repository\io\netty\netty-handler-proxy\4.1.111.Final\netty-handler-proxy-4.1.111.Final.jar;C:\Users\masay\.m2\repository\io\netty\netty-codec-socks\4.1.111.Final\netty-codec-socks-4.1.111.Final.jar;C:\Users\masay\.m2\repository\io\netty\netty-codec-http\4.1.111.Final\netty-codec-http-4.1.111.Final.jar;C:\Users\masay\.m2\repository\io\netty\netty-codec-http2\4.1.111.Final\netty-codec-http2-4.1.111.Final.jar;C:\Users\masay\.m2\repository\io\netty\netty-resolver-dns\4.1.111.Final\netty-resolver-dns-4.1.111.Final.jar;C:\Users\masay\.m2\repository\io\netty\netty-codec-dns\4.1.111.Final\netty-codec-dns-4.1.111.Final.jar;C:\Users\masay\.m2\repository\io\quarkus\quarkus-rest-jackson-common\3.13.1\quarkus-rest-jackson-common-3.13.1.jar;C:\Users\masay\.m2\repository\io\quarkus\resteasy\reactive\resteasy-reactive-jackson\3.13.1\resteasy-reactive-jackson-3.13.1.jar;C:\Users\masay\.m2\repository\io\quarkus\quarkus-jackson\3.13.1\quarkus-jackson-3.13.1.jar;C:\Users\masay\.m2\repository\com\fasterxml\jackson\datatype\jackson-datatype-jsr310\2.17.2\jackson-datatype-jsr310-2.17.2.jar;C:\Users\masay\.m2\repository\com\fasterxml\jackson\datatype\jackson-datatype-jdk8\2.17.2\jackson-datatype-jdk8-2.17.2.jar;C:\Users\masay\.m2\repository\com\fasterxml\jackson\module\jackson-module-parameter-names\2.17.2\jackson-module-parameter-names-2.17.2.jar;C:\Users\masay\.m2\repository\io\quarkus\quarkus-arc\3.13.1\quarkus-arc-3.13.1.jar;C:\Users\masay\.m2\repository\io\quarkus\arc\arc\3.13.1\arc-3.13.1.jar;C:\Users\masay\.m2\repository\jakarta\enterprise\jakarta.enterprise.cdi-api\4.1.0\jakarta.enterprise.cdi-api-4.1.0.jar;C:\Users\masay\.m2\repository\jakarta\enterprise\jakarta.enterprise.lang-model\4.1.0\jakarta.enterprise.lang-model-4.1.0.jar;C:\Users\masay\.m2\repository\jakarta\el\jakarta.el-api\5.0.1\jakarta.el-api-5.0.1.jar;C:\Users\masay\.m2\repository\jakarta\interceptor\jakarta.interceptor-api\2.2.0\jakarta.interceptor-api-2.2.0.jar;C:\Users\masay\.m2\repository\jakarta\annotation\jakarta.annotation-api\3.0.0\jakarta.annotation-api-3.0.0.jar;C:\Users\masay\.m2\repository\jakarta\transaction\jakarta.transaction-api\2.0.1\jakarta.transaction-api-2.0.1.jar;C:\Users\masay\.m2\repository\io\smallrye\reactive\mutiny\2.6.2\mutiny-2.6.2.jar;C:\Users\masay\.m2\repository\io\smallrye\common\smallrye-common-annotation\2.5.0\smallrye-common-annotation-2.5.0.jar;C:\Users\masay\.m2\repository\org\jctools\jctools-core\4.0.5\jctools-core-4.0.5.jar;C:\Users\masay\.m2\repository\org\jboss\logging\jboss-logging\3.6.0.Final\jboss-logging-3.6.0.Final.jar;C:\Users\masay\.m2\repository\io\quarkus\quarkus-core\3.13.1\quarkus-core-3.13.1.jar;C:\Users\masay\.m2\repository\jakarta\inject\jakarta.inject-api\2.0.1\jakarta.inject-api-2.0.1.jar;C:\Users\masay\.m2\repository\io\smallrye\common\smallrye-common-os\2.5.0\smallrye-common-os-2.5.0.jar;C:\Users\masay\.m2\repository\io\quarkus\quarkus-ide-launcher\3.13.1\quarkus-ide-launcher-3.13.1.jar;C:\Users\masay\.m2\repository\io\quarkus\quarkus-development-mode-spi\3.13.1\quarkus-development-mode-spi-3.13.1.jar;C:\Users\masay\.m2\repository\io\smallrye\config\smallrye-config\3.9.1\smallrye-config-3.9.1.jar;C:\Users\masay\.m2\repository\io\smallrye\config\smallrye-config-core\3.9.1\smallrye-config-core-3.9.1.jar;C:\Users\masay\.m2\repository\org\eclipse\microprofile\config\microprofile-config-api\3.1\microprofile-config-api-3.1.jar;C:\Users\masay\.m2\repository\io\smallrye\common\smallrye-common-classloader\2.5.0\smallrye-common-classloader-2.5.0.jar;C:\Users\masay\.m2\repository\io\smallrye\config\smallrye-config-common\3.9.1\smallrye-config-common-3.9.1.jar;C:\Users\masay\.m2\repository\org\jboss\logmanager\jboss-logmanager\3.0.6.Final\jboss-logmanager-3.0.6.Final.jar;C:\Users\masay\.m2\repository\io\smallrye\common\smallrye-common-constraint\2.5.0\smallrye-common-constraint-2.5.0.jar;C:\Users\masay\.m2\repository\io\smallrye\common\smallrye-common-cpu\2.5.0\smallrye-common-cpu-2.5.0.jar;C:\Users\masay\.m2\repository\io\smallrye\common\smallrye-common-expression\2.5.0\smallrye-common-expression-2.5.0.jar;C:\Users\masay\.m2\repository\io\smallrye\common\smallrye-common-function\2.5.0\smallrye-common-function-2.5.0.jar;C:\Users\masay\.m2\repository\io\smallrye\common\smallrye-common-net\2.5.0\smallrye-common-net-2.5.0.jar;C:\Users\masay\.m2\repository\io\smallrye\common\smallrye-common-ref\2.5.0\smallrye-common-ref-2.5.0.jar;C:\Users\masay\.m2\repository\jakarta\json\jakarta.json-api\2.1.3\jakarta.json-api-2.1.3.jar;C:\Users\masay\.m2\repository\org\jboss\logging\jboss-logging-annotations\3.0.0.Final\jboss-logging-annotations-3.0.0.Final.jar;C:\Users\masay\.m2\repository\org\jboss\threads\jboss-threads\3.6.1.Final\jboss-threads-3.6.1.Final.jar;C:\Users\masay\.m2\repository\org\jboss\slf4j\slf4j-jboss-logmanager\2.0.0.Final\slf4j-jboss-logmanager-2.0.0.Final.jar;C:\Users\masay\.m2\repository\org\wildfly\common\wildfly-common\1.7.0.Final\wildfly-common-1.7.0.Final.jar;C:\Users\masay\.m2\repository\io\quarkus\quarkus-bootstrap-runner\3.13.1\quarkus-bootstrap-runner-3.13.1.jar;C:\Users\masay\.m2\repository\io\quarkus\quarkus-fs-util\0.0.10\quarkus-fs-util-0.0.10.jar;C:\Users\masay\.m2\repository\org\eclipse\microprofile\context-propagation\microprofile-context-propagation-api\1.3\microprofile-context-propagation-api-1.3.jar;C:\Users\masay\.m2\repository\com\datastax\oss\java-driver-core\4.17.0\java-driver-core-4.17.0.jar;C:\Users\masay\.m2\repository\com\datastax\oss\native-protocol\1.5.1\native-protocol-1.5.1.jar;C:\Users\masay\.m2\repository\io\netty\netty-handler\4.1.111.Final\netty-handler-4.1.111.Final.jar;C:\Users\masay\.m2\repository\io\netty\netty-common\4.1.111.Final\netty-common-4.1.111.Final.jar;C:\Users\masay\.m2\repository\io\netty\netty-resolver\4.1.111.Final\netty-resolver-4.1.111.Final.jar;C:\Users\masay\.m2\repository\io\netty\netty-buffer\4.1.111.Final\netty-buffer-4.1.111.Final.jar;C:\Users\masay\.m2\repository\io\netty\netty-transport\4.1.111.Final\netty-transport-4.1.111.Final.jar;C:\Users\masay\.m2\repository\io\netty\netty-transport-native-unix-common\4.1.111.Final\netty-transport-native-unix-common-4.1.111.Final.jar;C:\Users\masay\.m2\repository\io\netty\netty-codec\4.1.111.Final\netty-codec-4.1.111.Final.jar;C:\Users\masay\.m2\repository\com\datastax\oss\java-driver-shaded-guava\25.1-jre-graal-sub-1\java-driver-shaded-guava-25.1-jre-graal-sub-1.jar;C:\Users\masay\.m2\repository\com\typesafe\config\1.4.1\config-1.4.1.jar;C:\Users\masay\.m2\repository\com\github\jnr\jnr-posix\3.1.15\jnr-posix-3.1.15.jar;C:\Users\masay\.m2\repository\com\github\jnr\jnr-ffi\2.2.11\jnr-ffi-2.2.11.jar;C:\Users\masay\.m2\repository\com\github\jnr\jffi\1.3.9\jffi-1.3.9.jar;C:\Users\masay\.m2\repository\com\github\jnr\jffi\1.3.9\jffi-1.3.9-native.jar;C:\Users\masay\.m2\repository\org\ow2\asm\asm\9.7\asm-9.7.jar;C:\Users\masay\.m2\repository\org\ow2\asm\asm-commons\9.7\asm-commons-9.7.jar;C:\Users\masay\.m2\repository\org\ow2\asm\asm-analysis\9.7\asm-analysis-9.7.jar;C:\Users\masay\.m2\repository\org\ow2\asm\asm-tree\9.7\asm-tree-9.7.jar;C:\Users\masay\.m2\repository\org\ow2\asm\asm-util\9.7\asm-util-9.7.jar;C:\Users\masay\.m2\repository\com\github\jnr\jnr-a64asm\1.0.0\jnr-a64asm-1.0.0.jar;C:\Users\masay\.m2\repository\com\github\jnr\jnr-x86asm\1.0.2\jnr-x86asm-1.0.2.jar;C:\Users\masay\.m2\repository\com\github\jnr\jnr-constants\0.10.3\jnr-constants-0.10.3.jar;C:\Users\masay\.m2\repository\org\slf4j\slf4j-api\2.0.6\slf4j-api-2.0.6.jar;C:\Users\masay\.m2\repository\io\dropwizard\metrics\metrics-core\4.1.18\metrics-core-4.1.18.jar;C:\Users\masay\.m2\repository\org\hdrhistogram\HdrHistogram\2.1.12\HdrHistogram-2.1.12.jar;C:\Users\masay\.m2\repository\com\fasterxml\jackson\core\jackson-core\2.17.2\jackson-core-2.17.2.jar;C:\Users\masay\.m2\repository\com\fasterxml\jackson\core\jackson-databind\2.17.2\jackson-databind-2.17.2.jar;C:\Users\masay\.m2\repository\com\fasterxml\jackson\core\jackson-annotations\2.17.2\jackson-annotations-2.17.2.jar;C:\Users\masay\.m2\repository\org\reactivestreams\reactive-streams\1.0.4\reactive-streams-1.0.4.jar;C:\Users\masay\.m2\repository\com\github\stephenc\jcip\jcip-annotations\1.0-1\jcip-annotations-1.0-1.jar;C:\Users\masay\.m2\repository\com\github\spotbugs\spotbugs-annotations\3.1.12\spotbugs-annotations-3.1.12.jar;C:\Users\masay\.m2\repository\com\google\code\findbugs\jsr305\3.0.2\jsr305-3.0.2.jar;C:\Users\masay\.m2\repository\io\jsonwebtoken\jjwt-api\0.11.5\jjwt-api-0.11.5.jar;C:\Users\masay\.m2\repository\io\jsonwebtoken\jjwt-impl\0.11.5\jjwt-impl-0.11.5.jar;C:\Users\masay\.m2\repository\io\jsonwebtoken\jjwt-jackson\0.11.5\jjwt-jackson-0.11.5.jar;C:\Users\masay\.m2\repository\org\mindrot\jbcrypt\0.4\jbcrypt-0.4.jar;C:\Users\masay\.m2\repository\io\quarkus\quarkus-junit5\3.13.1\quarkus-junit5-3.13.1.jar;C:\Users\masay\.m2\repository\io\quarkus\quarkus-bootstrap-core\3.13.1\quarkus-bootstrap-core-3.13.1.jar;C:\Users\masay\.m2\repository\io\quarkus\quarkus-classloader-commons\3.13.1\quarkus-classloader-commons-3.13.1.jar;C:\Users\masay\.m2\repository\io\quarkus\quarkus-bootstrap-app-model\3.13.1\quarkus-bootstrap-app-model-3.13.1.jar;C:\Users\masay\.m2\repository\io\smallrye\common\smallrye-common-io\2.5.0\smallrye-common-io-2.5.0.jar;C:\Users\masay\.m2\repository\org\eclipse\sisu\org.eclipse.sisu.inject\0.9.0.M3\org.eclipse.sisu.inject-0.9.0.M3.jar;C:\Users\masay\.m2\repository\io\quarkus\quarkus-test-common\3.13.1\quarkus-test-common-3.13.1.jar;C:\Users\masay\.m2\repository\io\quarkus\quarkus-core-deployment\3.13.1\quarkus-core-deployment-3.13.1.jar;C:\Users\masay\.m2\repository\org\aesh\readline\2.6\readline-2.6.jar;C:\Users\masay\.m2\repository\org\fusesource\jansi\jansi\2.4.0\jansi-2.4.0.jar;C:\Users\masay\.m2\repository\org\aesh\aesh\2.8.2\aesh-2.8.2.jar;C:\Users\masay\.m2\repository\io\quarkus\gizmo\gizmo\1.8.0\gizmo-1.8.0.jar;C:\Users\masay\.m2\repository\io\quarkus\quarkus-hibernate-validator-spi\3.13.1\quarkus-hibernate-validator-spi-3.13.1.jar;C:\Users\masay\.m2\repository\io\quarkus\quarkus-class-change-agent\3.13.1\quarkus-class-change-agent-3.13.1.jar;C:\Users\masay\.m2\repository\io\quarkus\quarkus-devtools-utilities\3.13.1\quarkus-devtools-utilities-3.13.1.jar;C:\Users\masay\.m2\repository\io\quarkus\quarkus-builder\3.13.1\quarkus-builder-3.13.1.jar;C:\Users\masay\.m2\repository\org\graalvm\sdk\nativeimage\23.1.2\nativeimage-23.1.2.jar;C:\Users\masay\.m2\repository\org\graalvm\sdk\word\23.1.2\word-23.1.2.jar;C:\Users\masay\.m2\repository\org\junit\platform\junit-platform-launcher\1.10.3\junit-platform-launcher-1.10.3.jar;C:\Users\masay\.m2\repository\io\quarkus\quarkus-bootstrap-maven-resolver\3.13.1\quarkus-bootstrap-maven-resolver-3.13.1.jar;C:\Users\masay\.m2\repository\io\smallrye\beanbag\smallrye-beanbag-maven\1.5.2\smallrye-beanbag-maven-1.5.2.jar;C:\Users\masay\.m2\repository\io\smallrye\beanbag\smallrye-beanbag-sisu\1.5.2\smallrye-beanbag-sisu-1.5.2.jar;C:\Users\masay\.m2\repository\io\smallrye\beanbag\smallrye-beanbag\1.5.2\smallrye-beanbag-1.5.2.jar;C:\Users\masay\.m2\repository\javax\inject\javax.inject\1\javax.inject-1.jar;C:\Users\masay\.m2\repository\org\apache\maven\maven-artifact\3.9.8\maven-artifact-3.9.8.jar;C:\Users\masay\.m2\repository\org\apache\maven\maven-builder-support\3.9.8\maven-builder-support-3.9.8.jar;C:\Users\masay\.m2\repository\org\apache\maven\maven-model\3.9.8\maven-model-3.9.8.jar;C:\Users\masay\.m2\repository\org\apache\maven\maven-model-builder\3.9.8\maven-model-builder-3.9.8.jar;C:\Users\masay\.m2\repository\org\apache\maven\maven-repository-metadata\3.9.8\maven-repository-metadata-3.9.8.jar;C:\Users\masay\.m2\repository\org\apache\maven\maven-settings\3.9.8\maven-settings-3.9.8.jar;C:\Users\masay\.m2\repository\org\apache\maven\resolver\maven-resolver-api\1.9.20\maven-resolver-api-1.9.20.jar;C:\Users\masay\.m2\repository\org\apache\maven\resolver\maven-resolver-impl\1.9.20\maven-resolver-impl-1.9.20.jar;C:\Users\masay\.m2\repository\org\apache\maven\resolver\maven-resolver-named-locks\1.9.20\maven-resolver-named-locks-1.9.20.jar;C:\Users\masay\.m2\repository\org\apache\maven\resolver\maven-resolver-spi\1.9.20\maven-resolver-spi-1.9.20.jar;C:\Users\masay\.m2\repository\org\apache\maven\resolver\maven-resolver-util\1.9.20\maven-resolver-util-1.9.20.jar;C:\Users\masay\.m2\repository\org\apache\maven\resolver\maven-resolver-transport-http\1.9.20\maven-resolver-transport-http-1.9.20.jar;C:\Users\masay\.m2\repository\org\apache\maven\wagon\wagon-provider-api\3.5.3\wagon-provider-api-3.5.3.jar;C:\Users\masay\.m2\repository\org\apache\maven\wagon\wagon-http-shared\3.5.3\wagon-http-shared-3.5.3.jar;C:\Users\masay\.m2\repository\org\codehaus\plexus\plexus-interpolation\1.26\plexus-interpolation-1.26.jar;C:\Users\masay\.m2\repository\org\codehaus\plexus\plexus-utils\3.5.1\plexus-utils-3.5.1.jar;C:\Users\masay\.m2\repository\org\codehaus\plexus\plexus-xml\4.0.1\plexus-xml-4.0.1.jar;C:\Users\masay\.m2\repository\org\apache\maven\maven-xml-impl\4.0.0-alpha-5\maven-xml-impl-4.0.0-alpha-5.jar;C:\Users\masay\.m2\repository\org\apache\maven\maven-api-xml\4.0.0-alpha-5\maven-api-xml-4.0.0-alpha-5.jar;C:\Users\masay\.m2\repository\org\apache\maven\maven-api-meta\4.0.0-alpha-5\maven-api-meta-4.0.0-alpha-5.jar;C:\Users\masay\.m2\repository\org\codehaus\plexus\plexus-cipher\2.0\plexus-cipher-2.0.jar;C:\Users\masay\.m2\repository\org\codehaus\plexus\plexus-sec-dispatcher\2.0\plexus-sec-dispatcher-2.0.jar;C:\Users\masay\.m2\repository\org\apache\maven\maven-embedder\3.9.8\maven-embedder-3.9.8.jar;C:\Users\masay\.m2\repository\org\apache\maven\maven-core\3.9.8\maven-core-3.9.8.jar;C:\Users\masay\.m2\repository\org\codehaus\plexus\plexus-component-annotations\2.1.0\plexus-component-annotations-2.1.0.jar;C:\Users\masay\.m2\repository\org\apache\maven\maven-plugin-api\3.9.8\maven-plugin-api-3.9.8.jar;C:\Users\masay\.m2\repository\org\apache\maven\shared\maven-shared-utils\3.4.2\maven-shared-utils-3.4.2.jar;C:\Users\masay\.m2\repository\com\google\inject\guice\5.1.0\guice-5.1.0.jar;C:\Users\masay\.m2\repository\aopalliance\aopalliance\1.0\aopalliance-1.0.jar;C:\Users\masay\.m2\repository\javax\annotation\javax.annotation-api\1.3.2\javax.annotation-api-1.3.2.jar;C:\Users\masay\.m2\repository\org\codehaus\plexus\plexus-classworlds\2.6.0\plexus-classworlds-2.6.0.jar;C:\Users\masay\.m2\repository\commons-cli\commons-cli\1.8.0\commons-cli-1.8.0.jar;C:\Users\masay\.m2\repository\org\eclipse\sisu\org.eclipse.sisu.plexus\0.9.0.M3\org.eclipse.sisu.plexus-0.9.0.M3.jar;C:\Users\masay\.m2\repository\org\apache\maven\maven-settings-builder\3.9.8\maven-settings-builder-3.9.8.jar;C:\Users\masay\.m2\repository\org\apache\maven\maven-resolver-provider\3.9.8\maven-resolver-provider-3.9.8.jar;C:\Users\masay\.m2\repository\org\apache\maven\resolver\maven-resolver-connector-basic\1.9.20\maven-resolver-connector-basic-1.9.20.jar;C:\Users\masay\.m2\repository\org\apache\maven\resolver\maven-resolver-transport-wagon\1.9.20\maven-resolver-transport-wagon-1.9.20.jar;C:\Users\masay\.m2\repository\org\apache\maven\wagon\wagon-http\3.5.3\wagon-http-3.5.3.jar;C:\Users\masay\.m2\repository\org\apache\maven\wagon\wagon-file\3.5.3\wagon-file-3.5.3.jar;C:\Users\masay\.m2\repository\io\quarkus\quarkus-bootstrap-gradle-resolver\3.13.1\quarkus-bootstrap-gradle-resolver-3.13.1.jar;C:\Users\masay\.m2\repository\io\smallrye\jandex\3.2.1\jandex-3.2.1.jar;C:\Users\masay\.m2\repository\commons-io\commons-io\2.16.1\commons-io-2.16.1.jar;C:\Users\masay\.m2\repository\org\jboss\logging\commons-logging-jboss-logging\1.0.0.Final\commons-logging-jboss-logging-1.0.0.Final.jar;C:\Users\masay\.m2\repository\io\quarkus\quarkus-junit5-properties\3.13.1\quarkus-junit5-properties-3.13.1.jar;C:\Users\masay\.m2\repository\org\junit\jupiter\junit-jupiter\5.10.3\junit-jupiter-5.10.3.jar;C:\Users\masay\.m2\repository\org\junit\jupiter\junit-jupiter-api\5.10.3\junit-jupiter-api-5.10.3.jar;C:\Users\masay\.m2\repository\org\opentest4j\opentest4j\1.3.0\opentest4j-1.3.0.jar;C:\Users\masay\.m2\repository\org\junit\platform\junit-platform-commons\1.10.3\junit-platform-commons-1.10.3.jar;C:\Users\masay\.m2\repository\org\apiguardian\apiguardian-api\1.1.2\apiguardian-api-1.1.2.jar;C:\Users\masay\.m2\repository\org\junit\jupiter\junit-jupiter-params\5.10.3\junit-jupiter-params-5.10.3.jar;C:\Users\masay\.m2\repository\org\junit\jupiter\junit-jupiter-engine\5.10.3\junit-jupiter-engine-5.10.3.jar;C:\Users\masay\.m2\repository\org\junit\platform\junit-platform-engine\1.10.3\junit-platform-engine-1.10.3.jar;C:\Users\masay\.m2\repository\org\jboss\marshalling\jboss-marshalling\2.1.4.SP1\jboss-marshalling-2.1.4.SP1.jar;C:\Users\masay\.m2\repository\io\rest-assured\rest-assured\5.5.0\rest-assured-5.5.0.jar;C:\Users\masay\.m2\repository\org\apache\groovy\groovy\4.0.22\groovy-4.0.22.jar;C:\Users\masay\.m2\repository\org\apache\groovy\groovy-xml\4.0.22\groovy-xml-4.0.22.jar;C:\Users\masay\.m2\repository\org\apache\httpcomponents\httpclient\4.5.14\httpclient-4.5.14.jar;C:\Users\masay\.m2\repository\org\apache\httpcomponents\httpcore\4.4.16\httpcore-4.4.16.jar;C:\Users\masay\.m2\repository\commons-codec\commons-codec\1.17.1\commons-codec-1.17.1.jar;C:\Users\masay\.m2\repository\org\apache\httpcomponents\httpmime\4.5.14\httpmime-4.5.14.jar;C:\Users\masay\.m2\repository\org\hamcrest\hamcrest\2.2\hamcrest-2.2.jar;C:\Users\masay\.m2\repository\org\ccil\cowan\tagsoup\tagsoup\1.2.1\tagsoup-1.2.1.jar;C:\Users\masay\.m2\repository\io\rest-assured\json-path\5.5.0\json-path-5.5.0.jar;C:\Users\masay\.m2\repository\org\apache\groovy\groovy-json\4.0.22\groovy-json-4.0.22.jar;C:\Users\masay\.m2\repository\io\rest-assured\rest-assured-common\5.5.0\rest-assured-common-5.5.0.jar;C:\Users\masay\.m2\repository\io\rest-assured\xml-path\5.5.0\xml-path-5.5.0.jar;C:\Users\masay\.m2\repository\org\apache\commons\commons-lang3\3.15.0\commons-lang3-3.15.0.jar;C:\Users\masay\.m2\repository\org\testcontainers\cassandra\1.19.8\cassandra-1.19.8.jar;C:\Users\masay\.m2\repository\org\testcontainers\database-commons\1.19.8\database-commons-1.19.8.jar;C:\Users\masay\.m2\repository\com\datastax\cassandra\cassandra-driver-core\3.10.0\cassandra-driver-core-3.10.0.jar;C:\Users\masay\.m2\repository\com\google\guava\guava\33.2.1-jre\guava-33.2.1-jre.jar;C:\Users\masay\.m2\repository\com\google\guava\failureaccess\1.0.1\failureaccess-1.0.1.jar;C:\Users\masay\.m2\repository\org\checkerframework\checker-qual\3.45.0\checker-qual-3.45.0.jar;C:\Users\masay\.m2\repository\com\google\errorprone\error_prone_annotations\2.29.0\error_prone_annotations-2.29.0.jar;C:\Users\masay\.m2\repository\com\google\j2objc\j2objc-annotations\2.8\j2objc-annotations-2.8.jar;C:\Users\masay\.m2\repository\org\testcontainers\junit-jupiter\1.19.8\junit-jupiter-1.19.8.jar;C:\Users\masay\.m2\repository\org\testcontainers\testcontainers\1.19.8\testcontainers-1.19.8.jar;C:\Users\masay\.m2\repository\junit\junit\4.13.2\junit-4.13.2.jar;C:\Users\masay\.m2\repository\org\apache\commons\commons-compress\1.26.2\commons-compress-1.26.2.jar;C:\Users\masay\.m2\repository\org\rnorth\duct-tape\duct-tape\1.0.8\duct-tape-1.0.8.jar;C:\Users\masay\.m2\repository\org\jetbrains\annotations\24.1.0\annotations-24.1.0.jar;C:\Users\masay\.m2\repository\com\github\docker-java\docker-java-api\3.3.6\docker-java-api-3.3.6.jar;C:\Users\masay\.m2\repository\com\github\docker-java\docker-java-transport-zerodep\3.3.6\docker-java-transport-zerodep-3.3.6.jar;C:\Users\masay\.m2\repository\com\github\docker-java\docker-java-transport\3.3.6\docker-java-transport-3.3.6.jar;C:\Users\masay\.m2\repository\net\java\dev\jna\jna\5.8.0\jna-5.8.0.jar;"/>
    <property name="java.vm.vendor" value="Eclipse Adoptium"/>
    <property name="sun.arch.data.model" value="64"/>
    <property name="user.variant" value=""/>
    <property name="java.vendor.url" value="https://adoptium.net/"/>
    <property name="user.timezone" value="Asia/Tokyo"/>
    <property name="logging.initial-configurator.min-level" value="500"/>
    <property name="java.vm.specification.version" value="21"/>
    <property name="os.name" value="Windows 11"/>
    <property name="sun.java.launcher" value="SUN_STANDARD"/>
    <property name="user.country" value="JP"/>
    <property name="groovy.use.classvalue" value="false"/>
    <property name="sun.boot.library.path" value="C:\Program Files\Eclipse Adoptium\jdk-21.0.8.9-hotspot\bin"/>
    <property name="sun.java.command" value="C:\Users\masay\AppData\Local\Temp\surefire8241807026674303759\surefirebooter-20250919231947975_3.jar C:\Users\masay\AppData\Local\Temp\surefire8241807026674303759 2025-09-19T23-19-45_932-jvmRun1 surefire-20250919231947975_1tmp surefire_0-20250919231947975_2tmp"/>
    <property name="jdk.debug" value="release"/>
    <property name="surefire.test.class.path" value="D:\WORKPLACE\M1SH\DEV\GitHub\ProjectSansa\backend-java\target\test-classes;D:\WORKPLACE\M1SH\DEV\GitHub\ProjectSansa\backend-java\target\backend-java-0.1.0.jar;C:\Users\masay\.m2\repository\io\quarkus\quarkus-rest-jackson\3.13.1\quarkus-rest-jackson-3.13.1.jar;C:\Users\masay\.m2\repository\io\quarkus\quarkus-rest\3.13.1\quarkus-rest-3.13.1.jar;C:\Users\masay\.m2\repository\io\quarkus\quarkus-rest-common\3.13.1\quarkus-rest-common-3.13.1.jar;C:\Users\masay\.m2\repository\io\quarkus\resteasy\reactive\resteasy-reactive-common\3.13.1\resteasy-reactive-common-3.13.1.jar;C:\Users\masay\.m2\repository\io\quarkus\resteasy\reactive\resteasy-reactive-common-types\3.13.1\resteasy-reactive-common-types-3.13.1.jar;C:\Users\masay\.m2\repository\io\smallrye\reactive\mutiny-zero-flow-adapters\1.1.0\mutiny-zero-flow-adapters-1.1.0.jar;C:\Users\masay\.m2\repository\io\quarkus\quarkus-mutiny\3.13.1\quarkus-mutiny-3.13.1.jar;C:\Users\masay\.m2\repository\io\quarkus\quarkus-smallrye-context-propagation\3.13.1\quarkus-smallrye-context-propagation-3.13.1.jar;C:\Users\masay\.m2\repository\io\smallrye\smallrye-context-propagation\2.1.2\smallrye-context-propagation-2.1.2.jar;C:\Users\masay\.m2\repository\io\smallrye\smallrye-context-propagation-api\2.1.2\smallrye-context-propagation-api-2.1.2.jar;C:\Users\masay\.m2\repository\io\smallrye\smallrye-context-propagation-storage\2.1.2\smallrye-context-propagation-storage-2.1.2.jar;C:\Users\masay\.m2\repository\io\smallrye\reactive\mutiny-smallrye-context-propagation\2.6.2\mutiny-smallrye-context-propagation-2.6.2.jar;C:\Users\masay\.m2\repository\io\quarkus\quarkus-vertx\3.13.1\quarkus-vertx-3.13.1.jar;C:\Users\masay\.m2\repository\io\quarkus\quarkus-netty\3.13.1\quarkus-netty-3.13.1.jar;C:\Users\masay\.m2\repository\com\aayushatharva\brotli4j\brotli4j\1.16.0\brotli4j-1.16.0.jar;C:\Users\masay\.m2\repository\com\aayushatharva\brotli4j\service\1.16.0\service-1.16.0.jar;C:\Users\masay\.m2\repository\com\aayushatharva\brotli4j\native-windows-x86_64\1.16.0\native-windows-x86_64-1.16.0.jar;C:\Users\masay\.m2\repository\io\netty\netty-codec-haproxy\4.1.111.Final\netty-codec-haproxy-4.1.111.Final.jar;C:\Users\masay\.m2\repository\io\quarkus\quarkus-vertx-latebound-mdc-provider\3.13.1\quarkus-vertx-latebound-mdc-provider-3.13.1.jar;C:\Users\masay\.m2\repository\io\smallrye\smallrye-fault-tolerance-vertx\6.3.0\smallrye-fault-tolerance-vertx-6.3.0.jar;C:\Users\masay\.m2\repository\io\quarkus\resteasy\reactive\resteasy-reactive-vertx\3.13.1\resteasy-reactive-vertx-3.13.1.jar;C:\Users\masay\.m2\repository\io\vertx\vertx-web\4.5.9\vertx-web-4.5.9.jar;C:\Users\masay\.m2\repository\io\vertx\vertx-web-common\4.5.9\vertx-web-common-4.5.9.jar;C:\Users\masay\.m2\repository\io\vertx\vertx-auth-common\4.5.9\vertx-auth-common-4.5.9.jar;C:\Users\masay\.m2\repository\io\vertx\vertx-bridge-common\4.5.9\vertx-bridge-common-4.5.9.jar;C:\Users\masay\.m2\repository\io\smallrye\reactive\smallrye-mutiny-vertx-core\3.14.0\smallrye-mutiny-vertx-core-3.14.0.jar;C:\Users\masay\.m2\repository\io\smallrye\reactive\smallrye-mutiny-vertx-runtime\3.14.0\smallrye-mutiny-vertx-runtime-3.14.0.jar;C:\Users\masay\.m2\repository\io\smallrye\reactive\vertx-mutiny-generator\3.14.0\vertx-mutiny-generator-3.14.0.jar;C:\Users\masay\.m2\repository\io\vertx\vertx-codegen\4.5.9\vertx-codegen-4.5.9.jar;C:\Users\masay\.m2\repository\io\quarkus\resteasy\reactive\resteasy-reactive\3.13.1\resteasy-reactive-3.13.1.jar;C:\Users\masay\.m2\repository\io\quarkus\vertx\utils\quarkus-vertx-utils\3.13.1\quarkus-vertx-utils-3.13.1.jar;C:\Users\masay\.m2\repository\jakarta\ws\rs\jakarta.ws.rs-api\3.1.0\jakarta.ws.rs-api-3.1.0.jar;C:\Users\masay\.m2\repository\jakarta\xml\bind\jakarta.xml.bind-api\4.0.2\jakarta.xml.bind-api-4.0.2.jar;C:\Users\masay\.m2\repository\jakarta\activation\jakarta.activation-api\2.1.3\jakarta.activation-api-2.1.3.jar;C:\Users\masay\.m2\repository\io\quarkus\quarkus-vertx-http\3.13.1\quarkus-vertx-http-3.13.1.jar;C:\Users\masay\.m2\repository\io\quarkus\quarkus-security-runtime-spi\3.13.1\quarkus-security-runtime-spi-3.13.1.jar;C:\Users\masay\.m2\repository\io\quarkus\quarkus-tls-registry\3.13.1\quarkus-tls-registry-3.13.1.jar;C:\Users\masay\.m2\repository\io\quarkus\quarkus-credentials\3.13.1\quarkus-credentials-3.13.1.jar;C:\Users\masay\.m2\repository\io\smallrye\common\smallrye-common-vertx-context\2.5.0\smallrye-common-vertx-context-2.5.0.jar;C:\Users\masay\.m2\repository\io\quarkus\security\quarkus-security\2.1.0\quarkus-security-2.1.0.jar;C:\Users\masay\.m2\repository\io\smallrye\reactive\smallrye-mutiny-vertx-web\3.14.0\smallrye-mutiny-vertx-web-3.14.0.jar;C:\Users\masay\.m2\repository\io\smallrye\reactive\smallrye-mutiny-vertx-web-common\3.14.0\smallrye-mutiny-vertx-web-common-3.14.0.jar;C:\Users\masay\.m2\repository\io\smallrye\reactive\smallrye-mutiny-vertx-auth-common\3.14.0\smallrye-mutiny-vertx-auth-common-3.14.0.jar;C:\Users\masay\.m2\repository\io\smallrye\reactive\smallrye-mutiny-vertx-bridge-common\3.14.0\smallrye-mutiny-vertx-bridge-common-3.14.0.jar;C:\Users\masay\.m2\repository\io\smallrye\reactive\smallrye-mutiny-vertx-uri-template\3.14.0\smallrye-mutiny-vertx-uri-template-3.14.0.jar;C:\Users\masay\.m2\repository\io\vertx\vertx-uri-template\4.5.9\vertx-uri-template-4.5.9.jar;C:\Users\masay\.m2\repository\io\github\crac\org-crac\0.1.3\org-crac-0.1.3.jar;C:\Users\masay\.m2\repository\io\quarkus\quarkus-jsonp\3.13.1\quarkus-jsonp-3.13.1.jar;C:\Users\masay\.m2\repository\org\eclipse\parsson\parsson\1.1.7\parsson-1.1.7.jar;C:\Users\masay\.m2\repository\io\quarkus\quarkus-virtual-threads\3.13.1\quarkus-virtual-threads-3.13.1.jar;C:\Users\masay\.m2\repository\io\vertx\vertx-core\4.5.9\vertx-core-4.5.9.jar;C:\Users\masay\.m2\repository\io\netty\netty-handler-proxy\4.1.111.Final\netty-handler-proxy-4.1.111.Final.jar;C:\Users\masay\.m2\repository\io\netty\netty-codec-socks\4.1.111.Final\netty-codec-socks-4.1.111.Final.jar;C:\Users\masay\.m2\repository\io\netty\netty-codec-http\4.1.111.Final\netty-codec-http-4.1.111.Final.jar;C:\Users\masay\.m2\repository\io\netty\netty-codec-http2\4.1.111.Final\netty-codec-http2-4.1.111.Final.jar;C:\Users\masay\.m2\repository\io\netty\netty-resolver-dns\4.1.111.Final\netty-resolver-dns-4.1.111.Final.jar;C:\Users\masay\.m2\repository\io\netty\netty-codec-dns\4.1.111.Final\netty-codec-dns-4.1.111.Final.jar;C:\Users\masay\.m2\repository\io\quarkus\quarkus-rest-jackson-common\3.13.1\quarkus-rest-jackson-common-3.13.1.jar;C:\Users\masay\.m2\repository\io\quarkus\resteasy\reactive\resteasy-reactive-jackson\3.13.1\resteasy-reactive-jackson-3.13.1.jar;C:\Users\masay\.m2\repository\io\quarkus\quarkus-jackson\3.13.1\quarkus-jackson-3.13.1.jar;C:\Users\masay\.m2\repository\com\fasterxml\jackson\datatype\jackson-datatype-jsr310\2.17.2\jackson-datatype-jsr310-2.17.2.jar;C:\Users\masay\.m2\repository\com\fasterxml\jackson\datatype\jackson-datatype-jdk8\2.17.2\jackson-datatype-jdk8-2.17.2.jar;C:\Users\masay\.m2\repository\com\fasterxml\jackson\module\jackson-module-parameter-names\2.17.2\jackson-module-parameter-names-2.17.2.jar;C:\Users\masay\.m2\repository\io\quarkus\quarkus-arc\3.13.1\quarkus-arc-3.13.1.jar;C:\Users\masay\.m2\repository\io\quarkus\arc\arc\3.13.1\arc-3.13.1.jar;C:\Users\masay\.m2\repository\jakarta\enterprise\jakarta.enterprise.cdi-api\4.1.0\jakarta.enterprise.cdi-api-4.1.0.jar;C:\Users\masay\.m2\repository\jakarta\enterprise\jakarta.enterprise.lang-model\4.1.0\jakarta.enterprise.lang-model-4.1.0.jar;C:\Users\masay\.m2\repository\jakarta\el\jakarta.el-api\5.0.1\jakarta.el-api-5.0.1.jar;C:\Users\masay\.m2\repository\jakarta\interceptor\jakarta.interceptor-api\2.2.0\jakarta.interceptor-api-2.2.0.jar;C:\Users\masay\.m2\repository\jakarta\annotation\jakarta.annotation-api\3.0.0\jakarta.annotation-api-3.0.0.jar;C:\Users\masay\.m2\repository\jakarta\transaction\jakarta.transaction-api\2.0.1\jakarta.transaction-api-2.0.1.jar;C:\Users\masay\.m2\repository\io\smallrye\reactive\mutiny\2.6.2\mutiny-2.6.2.jar;C:\Users\masay\.m2\repository\io\smallrye\common\smallrye-common-annotation\2.5.0\smallrye-common-annotation-2.5.0.jar;C:\Users\masay\.m2\repository\org\jctools\jctools-core\4.0.5\jctools-core-4.0.5.jar;C:\Users\masay\.m2\repository\org\jboss\logging\jboss-logging\3.6.0.Final\jboss-logging-3.6.0.Final.jar;C:\Users\masay\.m2\repository\io\quarkus\quarkus-core\3.13.1\quarkus-core-3.13.1.jar;C:\Users\masay\.m2\repository\jakarta\inject\jakarta.inject-api\2.0.1\jakarta.inject-api-2.0.1.jar;C:\Users\masay\.m2\repository\io\smallrye\common\smallrye-common-os\2.5.0\smallrye-common-os-2.5.0.jar;C:\Users\masay\.m2\repository\io\quarkus\quarkus-ide-launcher\3.13.1\quarkus-ide-launcher-3.13.1.jar;C:\Users\masay\.m2\repository\io\quarkus\quarkus-development-mode-spi\3.13.1\quarkus-development-mode-spi-3.13.1.jar;C:\Users\masay\.m2\repository\io\smallrye\config\smallrye-config\3.9.1\smallrye-config-3.9.1.jar;C:\Users\masay\.m2\repository\io\smallrye\config\smallrye-config-core\3.9.1\smallrye-config-core-3.9.1.jar;C:\Users\masay\.m2\repository\org\eclipse\microprofile\config\microprofile-config-api\3.1\microprofile-config-api-3.1.jar;C:\Users\masay\.m2\repository\io\smallrye\common\smallrye-common-classloader\2.5.0\smallrye-common-classloader-2.5.0.jar;C:\Users\masay\.m2\repository\io\smallrye\config\smallrye-config-common\3.9.1\smallrye-config-common-3.9.1.jar;C:\Users\masay\.m2\repository\org\jboss\logmanager\jboss-logmanager\3.0.6.Final\jboss-logmanager-3.0.6.Final.jar;C:\Users\masay\.m2\repository\io\smallrye\common\smallrye-common-constraint\2.5.0\smallrye-common-constraint-2.5.0.jar;C:\Users\masay\.m2\repository\io\smallrye\common\smallrye-common-cpu\2.5.0\smallrye-common-cpu-2.5.0.jar;C:\Users\masay\.m2\repository\io\smallrye\common\smallrye-common-expression\2.5.0\smallrye-common-expression-2.5.0.jar;C:\Users\masay\.m2\repository\io\smallrye\common\smallrye-common-function\2.5.0\smallrye-common-function-2.5.0.jar;C:\Users\masay\.m2\repository\io\smallrye\common\smallrye-common-net\2.5.0\smallrye-common-net-2.5.0.jar;C:\Users\masay\.m2\repository\io\smallrye\common\smallrye-common-ref\2.5.0\smallrye-common-ref-2.5.0.jar;C:\Users\masay\.m2\repository\jakarta\json\jakarta.json-api\2.1.3\jakarta.json-api-2.1.3.jar;C:\Users\masay\.m2\repository\org\jboss\logging\jboss-logging-annotations\3.0.0.Final\jboss-logging-annotations-3.0.0.Final.jar;C:\Users\masay\.m2\repository\org\jboss\threads\jboss-threads\3.6.1.Final\jboss-threads-3.6.1.Final.jar;C:\Users\masay\.m2\repository\org\jboss\slf4j\slf4j-jboss-logmanager\2.0.0.Final\slf4j-jboss-logmanager-2.0.0.Final.jar;C:\Users\masay\.m2\repository\org\wildfly\common\wildfly-common\1.7.0.Final\wildfly-common-1.7.0.Final.jar;C:\Users\masay\.m2\repository\io\quarkus\quarkus-bootstrap-runner\3.13.1\quarkus-bootstrap-runner-3.13.1.jar;C:\Users\masay\.m2\repository\io\quarkus\quarkus-fs-util\0.0.10\quarkus-fs-util-0.0.10.jar;C:\Users\masay\.m2\repository\org\eclipse\microprofile\context-propagation\microprofile-context-propagation-api\1.3\microprofile-context-propagation-api-1.3.jar;C:\Users\masay\.m2\repository\com\datastax\oss\java-driver-core\4.17.0\java-driver-core-4.17.0.jar;C:\Users\masay\.m2\repository\com\datastax\oss\native-protocol\1.5.1\native-protocol-1.5.1.jar;C:\Users\masay\.m2\repository\io\netty\netty-handler\4.1.111.Final\netty-handler-4.1.111.Final.jar;C:\Users\masay\.m2\repository\io\netty\netty-common\4.1.111.Final\netty-common-4.1.111.Final.jar;C:\Users\masay\.m2\repository\io\netty\netty-resolver\4.1.111.Final\netty-resolver-4.1.111.Final.jar;C:\Users\masay\.m2\repository\io\netty\netty-buffer\4.1.111.Final\netty-buffer-4.1.111.Final.jar;C:\Users\masay\.m2\repository\io\netty\netty-transport\4.1.111.Final\netty-transport-4.1.111.Final.jar;C:\Users\masay\.m2\repository\io\netty\netty-transport-native-unix-common\4.1.111.Final\netty-transport-native-unix-common-4.1.111.Final.jar;C:\Users\masay\.m2\repository\io\netty\netty-codec\4.1.111.Final\netty-codec-4.1.111.Final.jar;C:\Users\masay\.m2\repository\com\datastax\oss\java-driver-shaded-guava\25.1-jre-graal-sub-1\java-driver-shaded-guava-25.1-jre-graal-sub-1.jar;C:\Users\masay\.m2\repository\com\typesafe\config\1.4.1\config-1.4.1.jar;C:\Users\masay\.m2\repository\com\github\jnr\jnr-posix\3.1.15\jnr-posix-3.1.15.jar;C:\Users\masay\.m2\repository\com\github\jnr\jnr-ffi\2.2.11\jnr-ffi-2.2.11.jar;C:\Users\masay\.m2\repository\com\github\jnr\jffi\1.3.9\jffi-1.3.9.jar;C:\Users\masay\.m2\repository\com\github\jnr\jffi\1.3.9\jffi-1.3.9-native.jar;C:\Users\masay\.m2\repository\org\ow2\asm\asm\9.7\asm-9.7.jar;C:\Users\masay\.m2\repository\org\ow2\asm\asm-commons\9.7\asm-commons-9.7.jar;C:\Users\masay\.m2\repository\org\ow2\asm\asm-analysis\9.7\asm-analysis-9.7.jar;C:\Users\masay\.m2\repository\org\ow2\asm\asm-tree\9.7\asm-tree-9.7.jar;C:\Users\masay\.m2\repository\org\ow2\asm\asm-util\9.7\asm-util-9.7.jar;C:\Users\masay\.m2\repository\com\github\jnr\jnr-a64asm\1.0.0\jnr-a64asm-1.0.0.jar;C:\Users\masay\.m2\repository\com\github\jnr\jnr-x86asm\1.0.2\jnr-x86asm-1.0.2.jar;C:\Users\masay\.m2\repository\com\github\jnr\jnr-constants\0.10.3\jnr-constants-0.10.3.jar;C:\Users\masay\.m2\repository\org\slf4j\slf4j-api\2.0.6\slf4j-api-2.0.6.jar;C:\Users\masay\.m2\repository\io\dropwizard\metrics\metrics-core\4.1.18\metrics-core-4.1.18.jar;C:\Users\masay\.m2\repository\org\hdrhistogram\HdrHistogram\2.1.12\HdrHistogram-2.1.12.jar;C:\Users\masay\.m2\repository\com\fasterxml\jackson\core\jackson-core\2.17.2\jackson-core-2.17.2.jar;C:\Users\masay\.m2\repository\com\fasterxml\jackson\core\jackson-databind\2.17.2\jackson-databind-2.17.2.jar;C:\Users\masay\.m2\repository\com\fasterxml\jackson\core\jackson-annotations\2.17.2\jackson-annotations-2.17.2.jar;C:\Users\masay\.m2\repository\org\reactivestreams\reactive-streams\1.0.4\reactive-streams-1.0.4.jar;C:\Users\masay\.m2\repository\com\github\stephenc\jcip\jcip-annotations\1.0-1\jcip-annotations-1.0-1.jar;C:\Users\masay\.m2\repository\com\github\spotbugs\spotbugs-annotations\3.1.12\spotbugs-annotations-3.1.12.jar;C:\Users\masay\.m2\repository\com\google\code\findbugs\jsr305\3.0.2\jsr305-3.0.2.jar;C:\Users\masay\.m2\repository\io\jsonwebtoken\jjwt-api\0.11.5\jjwt-api-0.11.5.jar;C:\Users\masay\.m2\repository\io\jsonwebtoken\jjwt-impl\0.11.5\jjwt-impl-0.11.5.jar;C:\Users\masay\.m2\repository\io\jsonwebtoken\jjwt-jackson\0.11.5\jjwt-jackson-0.11.5.jar;C:\Users\masay\.m2\repository\org\mindrot\jbcrypt\0.4\jbcrypt-0.4.jar;C:\Users\masay\.m2\repository\io\quarkus\quarkus-junit5\3.13.1\quarkus-junit5-3.13.1.jar;C:\Users\masay\.m2\repository\io\quarkus\quarkus-bootstrap-core\3.13.1\quarkus-bootstrap-core-3.13.1.jar;C:\Users\masay\.m2\repository\io\quarkus\quarkus-classloader-commons\3.13.1\quarkus-classloader-commons-3.13.1.jar;C:\Users\masay\.m2\repository\io\quarkus\quarkus-bootstrap-app-model\3.13.1\quarkus-bootstrap-app-model-3.13.1.jar;C:\Users\masay\.m2\repository\io\smallrye\common\smallrye-common-io\2.5.0\smallrye-common-io-2.5.0.jar;C:\Users\masay\.m2\repository\org\eclipse\sisu\org.eclipse.sisu.inject\0.9.0.M3\org.eclipse.sisu.inject-0.9.0.M3.jar;C:\Users\masay\.m2\repository\io\quarkus\quarkus-test-common\3.13.1\quarkus-test-common-3.13.1.jar;C:\Users\masay\.m2\repository\io\quarkus\quarkus-core-deployment\3.13.1\quarkus-core-deployment-3.13.1.jar;C:\Users\masay\.m2\repository\org\aesh\readline\2.6\readline-2.6.jar;C:\Users\masay\.m2\repository\org\fusesource\jansi\jansi\2.4.0\jansi-2.4.0.jar;C:\Users\masay\.m2\repository\org\aesh\aesh\2.8.2\aesh-2.8.2.jar;C:\Users\masay\.m2\repository\io\quarkus\gizmo\gizmo\1.8.0\gizmo-1.8.0.jar;C:\Users\masay\.m2\repository\io\quarkus\quarkus-hibernate-validator-spi\3.13.1\quarkus-hibernate-validator-spi-3.13.1.jar;C:\Users\masay\.m2\repository\io\quarkus\quarkus-class-change-agent\3.13.1\quarkus-class-change-agent-3.13.1.jar;C:\Users\masay\.m2\repository\io\quarkus\quarkus-devtools-utilities\3.13.1\quarkus-devtools-utilities-3.13.1.jar;C:\Users\masay\.m2\repository\io\quarkus\quarkus-builder\3.13.1\quarkus-builder-3.13.1.jar;C:\Users\masay\.m2\repository\org\graalvm\sdk\nativeimage\23.1.2\nativeimage-23.1.2.jar;C:\Users\masay\.m2\repository\org\graalvm\sdk\word\23.1.2\word-23.1.2.jar;C:\Users\masay\.m2\repository\org\junit\platform\junit-platform-launcher\1.10.3\junit-platform-launcher-1.10.3.jar;C:\Users\masay\.m2\repository\io\quarkus\quarkus-bootstrap-maven-resolver\3.13.1\quarkus-bootstrap-maven-resolver-3.13.1.jar;C:\Users\masay\.m2\repository\io\smallrye\beanbag\smallrye-beanbag-maven\1.5.2\smallrye-beanbag-maven-1.5.2.jar;C:\Users\masay\.m2\repository\io\smallrye\beanbag\smallrye-beanbag-sisu\1.5.2\smallrye-beanbag-sisu-1.5.2.jar;C:\Users\masay\.m2\repository\io\smallrye\beanbag\smallrye-beanbag\1.5.2\smallrye-beanbag-1.5.2.jar;C:\Users\masay\.m2\repository\javax\inject\javax.inject\1\javax.inject-1.jar;C:\Users\masay\.m2\repository\org\apache\maven\maven-artifact\3.9.8\maven-artifact-3.9.8.jar;C:\Users\masay\.m2\repository\org\apache\maven\maven-builder-support\3.9.8\maven-builder-support-3.9.8.jar;C:\Users\masay\.m2\repository\org\apache\maven\maven-model\3.9.8\maven-model-3.9.8.jar;C:\Users\masay\.m2\repository\org\apache\maven\maven-model-builder\3.9.8\maven-model-builder-3.9.8.jar;C:\Users\masay\.m2\repository\org\apache\maven\maven-repository-metadata\3.9.8\maven-repository-metadata-3.9.8.jar;C:\Users\masay\.m2\repository\org\apache\maven\maven-settings\3.9.8\maven-settings-3.9.8.jar;C:\Users\masay\.m2\repository\org\apache\maven\resolver\maven-resolver-api\1.9.20\maven-resolver-api-1.9.20.jar;C:\Users\masay\.m2\repository\org\apache\maven\resolver\maven-resolver-impl\1.9.20\maven-resolver-impl-1.9.20.jar;C:\Users\masay\.m2\repository\org\apache\maven\resolver\maven-resolver-named-locks\1.9.20\maven-resolver-named-locks-1.9.20.jar;C:\Users\masay\.m2\repository\org\apache\maven\resolver\maven-resolver-spi\1.9.20\maven-resolver-spi-1.9.20.jar;C:\Users\masay\.m2\repository\org\apache\maven\resolver\maven-resolver-util\1.9.20\maven-resolver-util-1.9.20.jar;C:\Users\masay\.m2\repository\org\apache\maven\resolver\maven-resolver-transport-http\1.9.20\maven-resolver-transport-http-1.9.20.jar;C:\Users\masay\.m2\repository\org\apache\maven\wagon\wagon-provider-api\3.5.3\wagon-provider-api-3.5.3.jar;C:\Users\masay\.m2\repository\org\apache\maven\wagon\wagon-http-shared\3.5.3\wagon-http-shared-3.5.3.jar;C:\Users\masay\.m2\repository\org\codehaus\plexus\plexus-interpolation\1.26\plexus-interpolation-1.26.jar;C:\Users\masay\.m2\repository\org\codehaus\plexus\plexus-utils\3.5.1\plexus-utils-3.5.1.jar;C:\Users\masay\.m2\repository\org\codehaus\plexus\plexus-xml\4.0.1\plexus-xml-4.0.1.jar;C:\Users\masay\.m2\repository\org\apache\maven\maven-xml-impl\4.0.0-alpha-5\maven-xml-impl-4.0.0-alpha-5.jar;C:\Users\masay\.m2\repository\org\apache\maven\maven-api-xml\4.0.0-alpha-5\maven-api-xml-4.0.0-alpha-5.jar;C:\Users\masay\.m2\repository\org\apache\maven\maven-api-meta\4.0.0-alpha-5\maven-api-meta-4.0.0-alpha-5.jar;C:\Users\masay\.m2\repository\org\codehaus\plexus\plexus-cipher\2.0\plexus-cipher-2.0.jar;C:\Users\masay\.m2\repository\org\codehaus\plexus\plexus-sec-dispatcher\2.0\plexus-sec-dispatcher-2.0.jar;C:\Users\masay\.m2\repository\org\apache\maven\maven-embedder\3.9.8\maven-embedder-3.9.8.jar;C:\Users\masay\.m2\repository\org\apache\maven\maven-core\3.9.8\maven-core-3.9.8.jar;C:\Users\masay\.m2\repository\org\codehaus\plexus\plexus-component-annotations\2.1.0\plexus-component-annotations-2.1.0.jar;C:\Users\masay\.m2\repository\org\apache\maven\maven-plugin-api\3.9.8\maven-plugin-api-3.9.8.jar;C:\Users\masay\.m2\repository\org\apache\maven\shared\maven-shared-utils\3.4.2\maven-shared-utils-3.4.2.jar;C:\Users\masay\.m2\repository\com\google\inject\guice\5.1.0\guice-5.1.0.jar;C:\Users\masay\.m2\repository\aopalliance\aopalliance\1.0\aopalliance-1.0.jar;C:\Users\masay\.m2\repository\javax\annotation\javax.annotation-api\1.3.2\javax.annotation-api-1.3.2.jar;C:\Users\masay\.m2\repository\org\codehaus\plexus\plexus-classworlds\2.6.0\plexus-classworlds-2.6.0.jar;C:\Users\masay\.m2\repository\commons-cli\commons-cli\1.8.0\commons-cli-1.8.0.jar;C:\Users\masay\.m2\repository\org\eclipse\sisu\org.eclipse.sisu.plexus\0.9.0.M3\org.eclipse.sisu.plexus-0.9.0.M3.jar;C:\Users\masay\.m2\repository\org\apache\maven\maven-settings-builder\3.9.8\maven-settings-builder-3.9.8.jar;C:\Users\masay\.m2\repository\org\apache\maven\maven-resolver-provider\3.9.8\maven-resolver-provider-3.9.8.jar;C:\Users\masay\.m2\repository\org\apache\maven\resolver\maven-resolver-connector-basic\1.9.20\maven-resolver-connector-basic-1.9.20.jar;C:\Users\masay\.m2\repository\org\apache\maven\resolver\maven-resolver-transport-wagon\1.9.20\maven-resolver-transport-wagon-1.9.20.jar;C:\Users\masay\.m2\repository\org\apache\maven\wagon\wagon-http\3.5.3\wagon-http-3.5.3.jar;C:\Users\masay\.m2\repository\org\apache\maven\wagon\wagon-file\3.5.3\wagon-file-3.5.3.jar;C:\Users\masay\.m2\repository\io\quarkus\quarkus-bootstrap-gradle-resolver\3.13.1\quarkus-bootstrap-gradle-resolver-3.13.1.jar;C:\Users\masay\.m2\repository\io\smallrye\jandex\3.2.1\jandex-3.2.1.jar;C:\Users\masay\.m2\repository\commons-io\commons-io\2.16.1\commons-io-2.16.1.jar;C:\Users\masay\.m2\repository\org\jboss\logging\commons-logging-jboss-logging\1.0.0.Final\commons-logging-jboss-logging-1.0.0.Final.jar;C:\Users\masay\.m2\repository\io\quarkus\quarkus-junit5-properties\3.13.1\quarkus-junit5-properties-3.13.1.jar;C:\Users\masay\.m2\repository\org\junit\jupiter\junit-jupiter\5.10.3\junit-jupiter-5.10.3.jar;C:\Users\masay\.m2\repository\org\junit\jupiter\junit-jupiter-api\5.10.3\junit-jupiter-api-5.10.3.jar;C:\Users\masay\.m2\repository\org\opentest4j\opentest4j\1.3.0\opentest4j-1.3.0.jar;C:\Users\masay\.m2\repository\org\junit\platform\junit-platform-commons\1.10.3\junit-platform-commons-1.10.3.jar;C:\Users\masay\.m2\repository\org\apiguardian\apiguardian-api\1.1.2\apiguardian-api-1.1.2.jar;C:\Users\masay\.m2\repository\org\junit\jupiter\junit-jupiter-params\5.10.3\junit-jupiter-params-5.10.3.jar;C:\Users\masay\.m2\repository\org\junit\jupiter\junit-jupiter-engine\5.10.3\junit-jupiter-engine-5.10.3.jar;C:\Users\masay\.m2\repository\org\junit\platform\junit-platform-engine\1.10.3\junit-platform-engine-1.10.3.jar;C:\Users\masay\.m2\repository\org\jboss\marshalling\jboss-marshalling\2.1.4.SP1\jboss-marshalling-2.1.4.SP1.jar;C:\Users\masay\.m2\repository\io\rest-assured\rest-assured\5.5.0\rest-assured-5.5.0.jar;C:\Users\masay\.m2\repository\org\apache\groovy\groovy\4.0.22\groovy-4.0.22.jar;C:\Users\masay\.m2\repository\org\apache\groovy\groovy-xml\4.0.22\groovy-xml-4.0.22.jar;C:\Users\masay\.m2\repository\org\apache\httpcomponents\httpclient\4.5.14\httpclient-4.5.14.jar;C:\Users\masay\.m2\repository\org\apache\httpcomponents\httpcore\4.4.16\httpcore-4.4.16.jar;C:\Users\masay\.m2\repository\commons-codec\commons-codec\1.17.1\commons-codec-1.17.1.jar;C:\Users\masay\.m2\repository\org\apache\httpcomponents\httpmime\4.5.14\httpmime-4.5.14.jar;C:\Users\masay\.m2\repository\org\hamcrest\hamcrest\2.2\hamcrest-2.2.jar;C:\Users\masay\.m2\repository\org\ccil\cowan\tagsoup\tagsoup\1.2.1\tagsoup-1.2.1.jar;C:\Users\masay\.m2\repository\io\rest-assured\json-path\5.5.0\json-path-5.5.0.jar;C:\Users\masay\.m2\repository\org\apache\groovy\groovy-json\4.0.22\groovy-json-4.0.22.jar;C:\Users\masay\.m2\repository\io\rest-assured\rest-assured-common\5.5.0\rest-assured-common-5.5.0.jar;C:\Users\masay\.m2\repository\io\rest-assured\xml-path\5.5.0\xml-path-5.5.0.jar;C:\Users\masay\.m2\repository\org\apache\commons\commons-lang3\3.15.0\commons-lang3-3.15.0.jar;C:\Users\masay\.m2\repository\org\testcontainers\cassandra\1.19.8\cassandra-1.19.8.jar;C:\Users\masay\.m2\repository\org\testcontainers\database-commons\1.19.8\database-commons-1.19.8.jar;C:\Users\masay\.m2\repository\com\datastax\cassandra\cassandra-driver-core\3.10.0\cassandra-driver-core-3.10.0.jar;C:\Users\masay\.m2\repository\com\google\guava\guava\33.2.1-jre\guava-33.2.1-jre.jar;C:\Users\masay\.m2\repository\com\google\guava\failureaccess\1.0.1\failureaccess-1.0.1.jar;C:\Users\masay\.m2\repository\org\checkerframework\checker-qual\3.45.0\checker-qual-3.45.0.jar;C:\Users\masay\.m2\repository\com\google\errorprone\error_prone_annotations\2.29.0\error_prone_annotations-2.29.0.jar;C:\Users\masay\.m2\repository\com\google\j2objc\j2objc-annotations\2.8\j2objc-annotations-2.8.jar;C:\Users\masay\.m2\repository\org\testcontainers\junit-jupiter\1.19.8\junit-jupiter-1.19.8.jar;C:\Users\masay\.m2\repository\org\testcontainers\testcontainers\1.19.8\testcontainers-1.19.8.jar;C:\Users\masay\.m2\repository\junit\junit\4.13.2\junit-4.13.2.jar;C:\Users\masay\.m2\repository\org\apache\commons\commons-compress\1.26.2\commons-compress-1.26.2.jar;C:\Users\masay\.m2\repository\org\rnorth\duct-tape\duct-tape\1.0.8\duct-tape-1.0.8.jar;C:\Users\masay\.m2\repository\org\jetbrains\annotations\24.1.0\annotations-24.1.0.jar;C:\Users\masay\.m2\repository\com\github\docker-java\docker-java-api\3.3.6\docker-java-api-3.3.6.jar;C:\Users\masay\.m2\repository\com\github\docker-java\docker-java-transport-zerodep\3.3.6\docker-java-transport-zerodep-3.3.6.jar;C:\Users\masay\.m2\repository\com\github\docker-java\docker-java-transport\3.3.6\docker-java-transport-3.3.6.jar;C:\Users\masay\.m2\repository\net\java\dev\jna\jna\5.8.0\jna-5.8.0.jar;"/>
    <property name="sun.cpu.endian" value="little"/>
    <property name="vertx.disableWebsockets" value="true"/>
    <property name="user.home" value="C:\Users\masay"/>
    <property name="user.language" value="ja"/>
    <property name="jboss.log-version" value="false"/>
    <property name="java.specification.vendor" value="Oracle Corporation"/>
    <property name="io.netty.allocator.maxOrder" value="3"/>
    <property name="java.version.date" value="2025-07-15"/>
    <property name="java.home" value="C:\Program Files\Eclipse Adoptium\jdk-21.0.8.9-hotspot"/>
    <property name="psansa.cassandra.local-dc" value="datacenter1"/>
    <property name="file.separator" value="\"/>
    <property name="basedir" value="D:\WORKPLACE\M1SH\DEV\GitHub\ProjectSansa\backend-java"/>
    <property name="java.vm.compressedOopsMode" value="Zero based"/>
    <property name="line.separator" value="&#10;"/>
    <property name="java.vm.specification.vendor" value="Oracle Corporation"/>
    <property name="java.specification.name" value="Java Platform API Specification"/>
    <property name="skipITs" value="false"/>
    <property name="surefire.real.class.path" value="C:\Users\masay\AppData\Local\Temp\surefire8241807026674303759\surefirebooter-20250919231947975_3.jar"/>
    <property name="user.script" value=""/>
    <property name="sun.management.compiler" value="HotSpot 64-Bit Tiered Compilers"/>
    <property name="java.runtime.version" value="21.0.8+9-LTS"/>
    <property name="user.name" value="masay"/>
    <property name="stdout.encoding" value="MS932"/>
    <property name="path.separator" value=";"/>
    <property name="os.version" value="10.0"/>
    <property name="java.runtime.name" value="OpenJDK Runtime Environment"/>
    <property name="file.encoding" value="UTF-8"/>
    <property name="java.vm.name" value="OpenJDK 64-Bit Server VM"/>
    <property name="java.vendor.version" value="Temurin-21.0.8+9"/>
    <property name="psansa.cassandra.keyspace" value="sansa"/>
    <property name="localRepository" value="C:\Users\masay\.m2\repository"/>
    <property name="java.vendor.url.bug" value="https://github.com/adoptium/adoptium-support/issues"/>
    <property name="java.io.tmpdir" value="C:\Users\masay\AppData\Local\Temp\"/>
    <property name="quarkus.log.file.path" value="target\quarkus.log"/>
    <property name="java.version" value="21.0.8"/>
    <property name="java.util.concurrent.ForkJoinPool.common.threadFactory" value="io.quarkus.bootstrap.forkjoin.QuarkusForkJoinWorkerThreadFactory"/>
    <property name="user.dir" value="D:\WORKPLACE\M1SH\DEV\GitHub\ProjectSansa\backend-java"/>
    <property name="os.arch" value="amd64"/>
    <property name="java.vm.specification.name" value="Java Virtual Machine Specification"/>
    <property name="vertx.disableDnsResolver" value="true"/>
    <property name="sun.os.patch.level" value=""/>
    <property name="native.encoding" value="MS932"/>
    <property name="java.util.logging.manager" value="org.jboss.logmanager.LogManager"/>
    <property name="java.library.path" value="C:\Program Files\Eclipse Adoptium\jdk-21.0.8.9-hotspot\bin;C:\WINDOWS\Sun\Java\bin;C:\WINDOWS\system32;C:\WINDOWS;C:\Program Files\Eclipse Adoptium\jdk-21.0.8.9-hotspot\bin;C:\Program Files\Oculus\Support\oculus-runtime;C:\Windows\system32;C:\Windows;C:\Windows\System32\Wbem;C:\Windows\System32\WindowsPowerShell\v1.0\;C:\Windows\System32\OpenSSH\;C:\Program Files\Microsoft SQL Server\150\Tools\Binn\;C:\Program Files\Microsoft SQL Server\Client SDK\ODBC\170\Tools\Binn\;C:\Program Files\dotnet\;C:\Program Files (x86)\Windows Kits\10\Windows Performance Toolkit\;C:\WINDOWS\system32;C:\WINDOWS;C:\WINDOWS\System32\Wbem;C:\WINDOWS\System32\WindowsPowerShell\v1.0\;C:\WINDOWS\System32\OpenSSH\;C:\Program Files\NVIDIA Corporation\NVIDIA App\NvDLISR;C:\Program Files (x86)\NVIDIA Corporation\PhysX\Common;C:\Program Files\Docker\Docker\resources\bin;C:\Users\masay\AppData\Local\Programs\Python\Python313\Scripts\;C:\Users\masay\AppData\Local\Programs\Python\Python313\;C:\Users\masay\AppData\Local\Microsoft\WindowsApps;C:\Users\masay\AppData\Local\Programs\Microsoft VS Code\bin;C:\Users\masay\.dotnet\tools;C:\Users\masay\AppData\Local\GitHubDesktop\bin;C:\Users\masay\AppData\Local\Programs\Ollama;D:\WORKPLACE\TOOLS\apache-maven-3.9.11\bin;;c:\Users\masay\AppData\Roaming\Code\User\globalStorage\github.copilot-chat\debugCommand;."/>
    <property name="java.vm.info" value="mixed mode, sharing"/>
    <property name="stderr.encoding" value="MS932"/>
    <property name="java.vendor" value="Eclipse Adoptium"/>
    <property name="vertx.disableTCCL" value="true"/>
    <property name="java.vm.version" value="21.0.8+9-LTS"/>
    <property name="sun.io.unicode.encoding" value="UnicodeLittle"/>
    <property name="io.netty.machineId" value="65:10:ed:d4:00:61:fa:83"/>
    <property name="psansa.cassandra.contact-points" value="localhost:64661"/>
    <property name="java.class.version" value="65.0"/>
  </properties>
  <testcase name="postAndList" classname="psansa.api.AuthAndPostApiIT" time="0.904">
    <system-out><![CDATA[2025-09-19 23:19:48,899 INFO  [org.tes.ima.PullPolicy] (main) Image pull policy will be performed by: DefaultPullPolicy()
2025-09-19 23:19:48,901 INFO  [org.tes.uti.ImageNameSubstitutor] (main) Image name substitution will be performed by: DefaultImageNameSubstitutor (composite of 'ConfigurationFileImageNameSubstitutor' and 'PrefixingImageNameSubstitutor')
2025-09-19 23:20:56,704 INFO  [org.tes.doc.DockerClientProviderStrategy] (main) Found Docker environment with local Npipe socket (npipe:////./pipe/docker_engine)
2025-09-19 23:20:56,706 INFO  [org.tes.DockerClientFactory] (main) Docker host IP address is localhost
2025-09-19 23:20:56,733 INFO  [org.tes.DockerClientFactory] (main) Connected to docker: 
  Server Version: 28.4.0
  API Version: 1.51
  Operating System: Docker Desktop
  Total Memory: 7538 MB
2025-09-19 23:20:56,839 INFO  [tc.tes.7.0] (main) Pulling docker image: testcontainers/ryuk:0.7.0. Please be patient; this may take some time but only needs to be done once.
2025-09-19 23:21:06,589 INFO  [tc.tes.7.0] (docker-java-stream-958098063) Starting to pull image
2025-09-19 23:21:06,608 INFO  [tc.tes.7.0] (docker-java-stream-958098063) Pulling image layers:  0 pending,  0 downloaded,  0 extracted, (0 bytes/0 bytes)
2025-09-19 23:21:11,644 INFO  [tc.tes.7.0] (docker-java-stream-958098063) Pulling image layers:  2 pending,  1 downloaded,  0 extracted, (0 bytes/? MB)
2025-09-19 23:21:12,343 INFO  [tc.tes.7.0] (docker-java-stream-958098063) Pulling image layers:  1 pending,  2 downloaded,  0 extracted, (2 MB/? MB)
2025-09-19 23:21:12,545 INFO  [tc.tes.7.0] (docker-java-stream-958098063) Pulling image layers:  1 pending,  2 downloaded,  1 extracted, (2 MB/? MB)
2025-09-19 23:21:12,744 INFO  [tc.tes.7.0] (docker-java-stream-958098063) Pulling image layers:  1 pending,  2 downloaded,  2 extracted, (2 MB/? MB)
2025-09-19 23:21:13,145 INFO  [tc.tes.7.0] (docker-java-stream-958098063) Pulling image layers:  0 pending,  3 downloaded,  2 extracted, (4 MB/6 MB)
2025-09-19 23:21:13,192 INFO  [tc.tes.7.0] (docker-java-stream-958098063) Pulling image layers:  0 pending,  3 downloaded,  3 extracted, (4 MB/6 MB)
2025-09-19 23:21:13,196 INFO  [tc.tes.7.0] (main) Image testcontainers/ryuk:0.7.0 pull took PT16.3561233S
2025-09-19 23:21:13,196 INFO  [tc.tes.7.0] (docker-java-stream-958098063) Pull complete. 3 layers, pulled in 6s (downloaded 4 MB at 682 KB/s)
2025-09-19 23:21:13,256 INFO  [tc.tes.7.0] (main) Creating container for image: testcontainers/ryuk:0.7.0
2025-09-19 23:21:13,471 INFO  [tc.tes.7.0] (main) Container testcontainers/ryuk:0.7.0 is starting: 0f6b924d8dfd55a5bea780d2c30f76279a335c9115d3c9d3745ba0b9e9993642
2025-09-19 23:21:14,049 INFO  [tc.tes.7.0] (main) Container testcontainers/ryuk:0.7.0 started in PT0.7933511S
2025-09-19 23:21:14,057 INFO  [org.tes.uti.RyukResourceReaper] (main) Ryuk started - will monitor and terminate Testcontainers containers on JVM exit
2025-09-19 23:21:14,058 INFO  [org.tes.DockerClientFactory] (main) Checking the system...
2025-09-19 23:21:14,059 INFO  [org.tes.DockerClientFactory] (main) ?? Docker server version should be at least 1.6.0
2025-09-19 23:21:14,062 INFO  [tc.cassandra:5] (main) Creating container for image: cassandra:5
2025-09-19 23:21:14,171 INFO  [tc.cassandra:5] (main) Container cassandra:5 is starting: 2f2428eced15e226861627829079dc4030327f3c6c4c5ec4efe36f824f2e0741
2025-09-19 23:21:23,389 INFO  [tc.cassandra:5] (main) Container cassandra:5 started in PT9.3270808S
2025-09-19 23:21:23,718 INFO  [com.dat.oss.dri.int.cor.DefaultMavenCoordinates] (main) DataStax Java driver for Apache Cassandra(R) (com.datastax.oss:java-driver-core) version 4.17.0
2025-09-19 23:21:23,853 INFO  [com.dat.oss.dri.int.cor.cql.CqlPrepareAsyncProcessor] (main) Adding handler to invalidate cached prepared statements on type changes
2025-09-19 23:21:24,187 INFO  [com.dat.oss.dri.int.cor.tim.Clock] (s0-admin-0) Using native clock for microsecond precision
2025-09-19 23:21:37,216 INFO  [com.dat.oss.dri.int.cor.DefaultMavenCoordinates] (executor-thread-1) DataStax Java driver for Apache Cassandra(R) (com.datastax.oss:java-driver-core) version 4.17.0
2025-09-19 23:21:37,286 INFO  [com.dat.oss.dri.int.cor.cql.CqlPrepareAsyncProcessor] (executor-thread-1) Adding handler to invalidate cached prepared statements on type changes
2025-09-19 23:21:37,493 INFO  [com.dat.oss.dri.int.cor.tim.Clock] (s0-admin-0) Using native clock for microsecond precision
]]></system-out>
    <system-err><![CDATA[9月 19, 2025 11:19:51 午後 org.jboss.logmanager.JBossLoggerFinder getLogger
ERROR: The LogManager accessed before the "java.util.logging.manager" system property was set to "org.jboss.logmanager.LogManager". Results may be unexpected.
9月 19, 2025 11:20:56 午後 io.quarkus.bootstrap.runner.Timing printStartupTime
INFO: backend-java 0.1.0 on JVM (powered by Quarkus 3.13.1) started in 3.060s. Listening on: http://localhost:8080
9月 19, 2025 11:20:56 午後 io.quarkus.bootstrap.runner.Timing printStartupTime
INFO: Profile test activated. 
9月 19, 2025 11:20:56 午後 io.quarkus.bootstrap.runner.Timing printStartupTime
INFO: Installed features: [cdi, rest, rest-jackson, smallrye-context-propagation, vertx]
]]></system-err>
  </testcase>
</testsuite>